   -0.1000000000E+02    0.1580272914E+01
   -0.9959919840E+01    0.1592876124E+01
   -0.9919839679E+01    0.1604048317E+01
   -0.9879759519E+01    0.1613732105E+01
   -0.9839679359E+01    0.1621871747E+01
   -0.9799599198E+01    0.1628413404E+01
   -0.9759519038E+01    0.1633305409E+01
   -0.9719438878E+01    0.1636498548E+01
   -0.9679358717E+01    0.1637946345E+01
   -0.9639278557E+01    0.1637605359E+01
   -0.9599198397E+01    0.1635435490E+01
   -0.9559118236E+01    0.1631400289E+01
   -0.9519038076E+01    0.1625467279E+01
   -0.9478957916E+01    0.1617608277E+01
   -0.9438877756E+01    0.1607799727E+01
   -0.9398797595E+01    0.1596023029E+01
   -0.9358717435E+01    0.1582264881E+01
   -0.9318637275E+01    0.1566517612E+01
   -0.9278557114E+01    0.1548779525E+01
   -0.9238476954E+01    0.1529055232E+01
   -0.9198396794E+01    0.1507355989E+01
   -0.9158316633E+01    0.1483700028E+01
   -0.9118236473E+01    0.1458112882E+01
   -0.9078156313E+01    0.1430627699E+01
   -0.9038076152E+01    0.1401285554E+01
   -0.8997995992E+01    0.1370135739E+01
   -0.8957915832E+01    0.1337236048E+01
   -0.8917835671E+01    0.1302653040E+01
   -0.8877755511E+01    0.1266462284E+01
   -0.8837675351E+01    0.1228748585E+01
   -0.8797595190E+01    0.1189606182E+01
   -0.8757515030E+01    0.1149138926E+01
   -0.8717434870E+01    0.1107460419E+01
   -0.8677354709E+01    0.1064694128E+01
   -0.8637274549E+01    0.1020973462E+01
   -0.8597194389E+01    0.9764418097E+00
   -0.8557114228E+01    0.9312525363E+00
   -0.8517034068E+01    0.8855689365E+00
   -0.8476953908E+01    0.8395641395E+00
   -0.8436873747E+01    0.7934209644E+00
   -0.8396793587E+01    0.7473317216E+00
   -0.8356713427E+01    0.7014979588E+00
   -0.8316633267E+01    0.6561301465E+00
   -0.8276553106E+01    0.6114473032E+00
   -0.8236472946E+01    0.5676765550E+00
   -0.8196392786E+01    0.5250526285E+00
   -0.8156312625E+01    0.4838172749E+00
   -0.8116232465E+01    0.4442186219E+00
   -0.8076152305E+01    0.4065104532E+00
   -0.8036072144E+01    0.3709514133E+00
   -0.7995991984E+01    0.3378041354E+00
   -0.7955911824E+01    0.3073342945E+00
   -0.7915831663E+01    0.2798095811E+00
   -0.7875751503E+01    0.2554985994E+00
   -0.7835671343E+01    0.2346696882E+00
   -0.7795591182E+01    0.2175896657E+00
   -0.7755511022E+01    0.2045225006E+00
   -0.7715430862E+01    0.1957279112E+00
   -0.7675350701E+01    0.1914598946E+00
   -0.7635270541E+01    0.1919651909E+00
   -0.7595190381E+01    0.1974816847E+00
   -0.7555110220E+01    0.2082367511E+00
   -0.7515030060E+01    0.2244455496E+00
   -0.7474949900E+01    0.2463092740E+00
   -0.7434869739E+01    0.2740133649E+00
   -0.7394789579E+01    0.3077256931E+00
   -0.7354709419E+01    0.3475947237E+00
   -0.7314629259E+01    0.3937476695E+00
   -0.7274549098E+01    0.4462886459E+00
   -0.7234468938E+01    0.5052968387E+00
   -0.7194388778E+01    0.5708246967E+00
   -0.7154308617E+01    0.6428961645E+00
   -0.7114228457E+01    0.7215049675E+00
   -0.7074148297E+01    0.8066129667E+00
   -0.7034068136E+01    0.8981485981E+00
   -0.6993987976E+01    0.9960054131E+00
   -0.6953907816E+01    0.1100040739E+01
   -0.6913827655E+01    0.1210074477E+01
   -0.6873747495E+01    0.1325888052E+01
   -0.6833667335E+01    0.1447223544E+01
   -0.6793587174E+01    0.1573783009E+01
   -0.6753507014E+01    0.1705228011E+01
   -0.6713426854E+01    0.1841179394E+01
   -0.6673346693E+01    0.1981217301E+01
   -0.6633266533E+01    0.2124881464E+01
   -0.6593186373E+01    0.2271671785E+01
   -0.6553106212E+01    0.2421049230E+01
   -0.6513026052E+01    0.2572437036E+01
   -0.6472945892E+01    0.2725222271E+01
   -0.6432865731E+01    0.2878757739E+01
   -0.6392785571E+01    0.3032364260E+01
   -0.6352705411E+01    0.3185333325E+01
   -0.6312625251E+01    0.3336930146E+01
   -0.6272545090E+01    0.3486397086E+01
   -0.6232464930E+01    0.3632957507E+01
   -0.6192384770E+01    0.3775820004E+01
   -0.6152304609E+01    0.3914183043E+01
   -0.6112224449E+01    0.4047239991E+01
   -0.6072144289E+01    0.4174184528E+01
   -0.6032064128E+01    0.4294216430E+01
   -0.5991983968E+01    0.4406547709E+01
   -0.5951903808E+01    0.4510409077E+01
   -0.5911823647E+01    0.4605056725E+01
   -0.5871743487E+01    0.4689779371E+01
   -0.5831663327E+01    0.4763905548E+01
   -0.5791583166E+01    0.4826811093E+01
   -0.5751503006E+01    0.4877926785E+01
   -0.5711422846E+01    0.4916746096E+01
   -0.5671342685E+01    0.4942832974E+01
   -0.5631262525E+01    0.4955829627E+01
   -0.5591182365E+01    0.4955464221E+01
   -0.5551102204E+01    0.4941558432E+01
   -0.5511022044E+01    0.4914034780E+01
   -0.5470941884E+01    0.4872923658E+01
   -0.5430861723E+01    0.4818369983E+01
   -0.5390781563E+01    0.4750639388E+01
   -0.5350701403E+01    0.4670123854E+01
   -0.5310621242E+01    0.4577346710E+01
   -0.5270541082E+01    0.4472966901E+01
   -0.5230460922E+01    0.4357782440E+01
   -0.5190380762E+01    0.4232732950E+01
   -0.5150300601E+01    0.4098901214E+01
   -0.5110220441E+01    0.3957513647E+01
   -0.5070140281E+01    0.3809939606E+01
   -0.5030060120E+01    0.3657689461E+01
   -0.4989979960E+01    0.3502411364E+01
   -0.4949899800E+01    0.3345886645E+01
   -0.4909819639E+01    0.3190023780E+01
   -0.4869739479E+01    0.3036850899E+01
   -0.4829659319E+01    0.2888506775E+01
   -0.4789579158E+01    0.2747230301E+01
   -0.4749498998E+01    0.2615348422E+01
   -0.4709418838E+01    0.2495262545E+01
   -0.4669338677E+01    0.2389433440E+01
   -0.4629258517E+01    0.2300364672E+01
   -0.4589178357E+01    0.2230584624E+01
   -0.4549098196E+01    0.2182627182E+01
   -0.4509018036E+01    0.2159011181E+01
   -0.4468937876E+01    0.2162218716E+01
   -0.4428857715E+01    0.2194672470E+01
   -0.4388777555E+01    0.2258712190E+01
   -0.4348697395E+01    0.2356570511E+01
   -0.4308617234E+01    0.2490348298E+01
   -0.4268537074E+01    0.2661989739E+01
   -0.4228456914E+01    0.2873257412E+01
   -0.4188376754E+01    0.3125707570E+01
   -0.4148296593E+01    0.3420665922E+01
   -0.4108216433E+01    0.3759204181E+01
   -0.4068136273E+01    0.4142117666E+01
   -0.4028056112E+01    0.4569904270E+01
   -0.3987975952E+01    0.5042745088E+01
   -0.3947895792E+01    0.5560487028E+01
   -0.3907815631E+01    0.6122627706E+01
   -0.3867735471E+01    0.6728302949E+01
   -0.3827655311E+01    0.7376277189E+01
   -0.3787575150E+01    0.8064937056E+01
   -0.3747494990E+01    0.8792288444E+01
   -0.3707414830E+01    0.9555957298E+01
   -0.3667334669E+01    0.1035319438E+02
   -0.3627254509E+01    0.1118088418E+02
   -0.3587174349E+01    0.1203555821E+02
   -0.3547094188E+01    0.1291341276E+02
   -0.3507014028E+01    0.1381033125E+02
   -0.3466933868E+01    0.1472191119E+02
   -0.3426853707E+01    0.1564349582E+02
   -0.3386773547E+01    0.1657021034E+02
   -0.3346693387E+01    0.1749700260E+02
   -0.3306613226E+01    0.1841868819E+02
   -0.3266533066E+01    0.1932999954E+02
   -0.3226452906E+01    0.2022563899E+02
   -0.3186372745E+01    0.2110033523E+02
   -0.3146292585E+01    0.2194890291E+02
   -0.3106212425E+01    0.2276630486E+02
   -0.3066132265E+01    0.2354771640E+02
   -0.3026052104E+01    0.2428859116E+02
   -0.2985971944E+01    0.2498472789E+02
   -0.2945891784E+01    0.2563233731E+02
   -0.2905811623E+01    0.2622810862E+02
   -0.2865731463E+01    0.2676927458E+02
   -0.2825651303E+01    0.2725367466E+02
   -0.2785571142E+01    0.2767981510E+02
   -0.2745490982E+01    0.2804692545E+02
   -0.2705410822E+01    0.2835501036E+02
   -0.2665330661E+01    0.2860489608E+02
   -0.2625250501E+01    0.2879827066E+02
   -0.2585170341E+01    0.2893771717E+02
   -0.2545090180E+01    0.2902673908E+02
   -0.2505010020E+01    0.2906977720E+02
   -0.2464929860E+01    0.2907221744E+02
   -0.2424849699E+01    0.2904038884E+02
   -0.2384769539E+01    0.2898155141E+02
   -0.2344689379E+01    0.2890387324E+02
   -0.2304609218E+01    0.2881639680E+02
   -0.2264529058E+01    0.2872899398E+02
   -0.2224448898E+01    0.2865231001E+02
   -0.2184368737E+01    0.2859769619E+02
   -0.2144288577E+01    0.2857713160E+02
   -0.2104208417E+01    0.2860313429E+02
   -0.2064128257E+01    0.2868866213E+02
   -0.2024048096E+01    0.2884700417E+02
   -0.1983967936E+01    0.2909166308E+02
   -0.1943887776E+01    0.2943622972E+02
   -0.1903807615E+01    0.2989425061E+02
   -0.1863727455E+01    0.3047908971E+02
   -0.1823647295E+01    0.3120378550E+02
   -0.1783567134E+01    0.3208090495E+02
   -0.1743486974E+01    0.3312239567E+02
   -0.1703406814E+01    0.3433943785E+02
   -0.1663326653E+01    0.3574229757E+02
   -0.1623246493E+01    0.3734018316E+02
   -0.1583166333E+01    0.3914110625E+02
   -0.1543086172E+01    0.4115174916E+02
   -0.1503006012E+01    0.4337734048E+02
   -0.1462925852E+01    0.4582154021E+02
   -0.1422845691E+01    0.4848633632E+02
   -0.1382765531E+01    0.5137195410E+02
   -0.1342685371E+01    0.5447677971E+02
   -0.1302605210E+01    0.5779729931E+02
   -0.1262525050E+01    0.6132805493E+02
   -0.1222444890E+01    0.6506161798E+02
   -0.1182364729E+01    0.6898858137E+02
   -0.1142284569E+01    0.7309757079E+02
   -0.1102204409E+01    0.7737527572E+02
   -0.1062124248E+01    0.8180650019E+02
   -0.1022044088E+01    0.8637423351E+02
   -0.9819639279E+00    0.9105974065E+02
   -0.9418837675E+00    0.9584267178E+02
   -0.9018036072E+00    0.1007011904E+03
   -0.8617234469E+00    0.1056121191E+03
   -0.8216432866E+00    0.1105511016E+03
   -0.7815631263E+00    0.1154927801E+03
   -0.7414829659E+00    0.1204109863E+03
   -0.7014028056E+00    0.1252789439E+03
   -0.6613226453E+00    0.1300694815E+03
   -0.6212424850E+00    0.1347552527E+03
   -0.5811623246E+00    0.1393089627E+03
   -0.5410821643E+00    0.1437035974E+03
   -0.5010020040E+00    0.1479126546E+03
   -0.4609218437E+00    0.1519103729E+03
   -0.4208416834E+00    0.1556719572E+03
   -0.3807615230E+00    0.1591737984E+03
   -0.3406813627E+00    0.1623936835E+03
   -0.3006012024E+00    0.1653109962E+03
   -0.2605210421E+00    0.1679069033E+03
   -0.2204408818E+00    0.1701645271E+03
   -0.1803607214E+00    0.1720690994E+03
   -0.1402805611E+00    0.1736080983E+03
   -0.1002004008E+00    0.1747713637E+03
   -0.6012024048E-01    0.1755511915E+03
   -0.2004008016E-01    0.1759424056E+03
    0.2004008016E-01    0.1759424056E+03
    0.6012024048E-01    0.1755511915E+03
    0.1002004008E+00    0.1747713637E+03
    0.1402805611E+00    0.1736080983E+03
    0.1803607214E+00    0.1720690994E+03
    0.2204408818E+00    0.1701645271E+03
    0.2605210421E+00    0.1679069033E+03
    0.3006012024E+00    0.1653109962E+03
    0.3406813627E+00    0.1623936835E+03
    0.3807615230E+00    0.1591737984E+03
    0.4208416834E+00    0.1556719572E+03
    0.4609218437E+00    0.1519103729E+03
    0.5010020040E+00    0.1479126546E+03
    0.5410821643E+00    0.1437035974E+03
    0.5811623246E+00    0.1393089627E+03
    0.6212424850E+00    0.1347552527E+03
    0.6613226453E+00    0.1300694815E+03
    0.7014028056E+00    0.1252789439E+03
    0.7414829659E+00    0.1204109863E+03
    0.7815631263E+00    0.1154927801E+03
    0.8216432866E+00    0.1105511016E+03
    0.8617234469E+00    0.1056121191E+03
    0.9018036072E+00    0.1007011904E+03
    0.9418837675E+00    0.9584267178E+02
    0.9819639279E+00    0.9105974065E+02
    0.1022044088E+01    0.8637423351E+02
    0.1062124248E+01    0.8180650019E+02
    0.1102204409E+01    0.7737527572E+02
    0.1142284569E+01    0.7309757079E+02
    0.1182364729E+01    0.6898858137E+02
    0.1222444890E+01    0.6506161798E+02
    0.1262525050E+01    0.6132805493E+02
    0.1302605210E+01    0.5779729931E+02
    0.1342685371E+01    0.5447677971E+02
    0.1382765531E+01    0.5137195410E+02
    0.1422845691E+01    0.4848633632E+02
    0.1462925852E+01    0.4582154021E+02
    0.1503006012E+01    0.4337734048E+02
    0.1543086172E+01    0.4115174916E+02
    0.1583166333E+01    0.3914110625E+02
    0.1623246493E+01    0.3734018316E+02
    0.1663326653E+01    0.3574229757E+02
    0.1703406814E+01    0.3433943785E+02
    0.1743486974E+01    0.3312239567E+02
    0.1783567134E+01    0.3208090495E+02
    0.1823647295E+01    0.3120378550E+02
    0.1863727455E+01    0.3047908971E+02
    0.1903807615E+01    0.2989425061E+02
    0.1943887776E+01    0.2943622972E+02
    0.1983967936E+01    0.2909166308E+02
    0.2024048096E+01    0.2884700417E+02
    0.2064128257E+01    0.2868866213E+02
    0.2104208417E+01    0.2860313429E+02
    0.2144288577E+01    0.2857713160E+02
    0.2184368737E+01    0.2859769619E+02
    0.2224448898E+01    0.2865231001E+02
    0.2264529058E+01    0.2872899398E+02
    0.2304609218E+01    0.2881639680E+02
    0.2344689379E+01    0.2890387324E+02
    0.2384769539E+01    0.2898155141E+02
    0.2424849699E+01    0.2904038884E+02
    0.2464929860E+01    0.2907221744E+02
    0.2505010020E+01    0.2906977720E+02
    0.2545090180E+01    0.2902673908E+02
    0.2585170341E+01    0.2893771717E+02
    0.2625250501E+01    0.2879827066E+02
    0.2665330661E+01    0.2860489608E+02
    0.2705410822E+01    0.2835501036E+02
    0.2745490982E+01    0.2804692545E+02
    0.2785571142E+01    0.2767981510E+02
    0.2825651303E+01    0.2725367466E+02
    0.2865731463E+01    0.2676927458E+02
    0.2905811623E+01    0.2622810862E+02
    0.2945891784E+01    0.2563233731E+02
    0.2985971944E+01    0.2498472789E+02
    0.3026052104E+01    0.2428859116E+02
    0.3066132265E+01    0.2354771640E+02
    0.3106212425E+01    0.2276630486E+02
    0.3146292585E+01    0.2194890291E+02
    0.3186372745E+01    0.2110033523E+02
    0.3226452906E+01    0.2022563899E+02
    0.3266533066E+01    0.1932999954E+02
    0.3306613226E+01    0.1841868819E+02
    0.3346693387E+01    0.1749700260E+02
    0.3386773547E+01    0.1657021034E+02
    0.3426853707E+01    0.1564349582E+02
    0.3466933868E+01    0.1472191119E+02
    0.3507014028E+01    0.1381033125E+02
    0.3547094188E+01    0.1291341276E+02
    0.3587174349E+01    0.1203555821E+02
    0.3627254509E+01    0.1118088418E+02
    0.3667334669E+01    0.1035319438E+02
    0.3707414830E+01    0.9555957298E+01
    0.3747494990E+01    0.8792288444E+01
    0.3787575150E+01    0.8064937056E+01
    0.3827655311E+01    0.7376277189E+01
    0.3867735471E+01    0.6728302949E+01
    0.3907815631E+01    0.6122627706E+01
    0.3947895792E+01    0.5560487028E+01
    0.3987975952E+01    0.5042745088E+01
    0.4028056112E+01    0.4569904270E+01
    0.4068136273E+01    0.4142117666E+01
    0.4108216433E+01    0.3759204181E+01
    0.4148296593E+01    0.3420665922E+01
    0.4188376754E+01    0.3125707570E+01
    0.4228456914E+01    0.2873257412E+01
    0.4268537074E+01    0.2661989739E+01
    0.4308617234E+01    0.2490348298E+01
    0.4348697395E+01    0.2356570511E+01
    0.4388777555E+01    0.2258712190E+01
    0.4428857715E+01    0.2194672470E+01
    0.4468937876E+01    0.2162218716E+01
    0.4509018036E+01    0.2159011181E+01
    0.4549098196E+01    0.2182627182E+01
    0.4589178357E+01    0.2230584624E+01
    0.4629258517E+01    0.2300364672E+01
    0.4669338677E+01    0.2389433440E+01
    0.4709418838E+01    0.2495262545E+01
    0.4749498998E+01    0.2615348422E+01
    0.4789579158E+01    0.2747230301E+01
    0.4829659319E+01    0.2888506775E+01
    0.4869739479E+01    0.3036850899E+01
    0.4909819639E+01    0.3190023780E+01
    0.4949899800E+01    0.3345886645E+01
    0.4989979960E+01    0.3502411364E+01
    0.5030060120E+01    0.3657689461E+01
    0.5070140281E+01    0.3809939606E+01
    0.5110220441E+01    0.3957513647E+01
    0.5150300601E+01    0.4098901214E+01
    0.5190380762E+01    0.4232732950E+01
    0.5230460922E+01    0.4357782440E+01
    0.5270541082E+01    0.4472966901E+01
    0.5310621242E+01    0.4577346710E+01
    0.5350701403E+01    0.4670123854E+01
    0.5390781563E+01    0.4750639388E+01
    0.5430861723E+01    0.4818369983E+01
    0.5470941884E+01    0.4872923658E+01
    0.5511022044E+01    0.4914034780E+01
    0.5551102204E+01    0.4941558432E+01
    0.5591182365E+01    0.4955464221E+01
    0.5631262525E+01    0.4955829627E+01
    0.5671342685E+01    0.4942832974E+01
    0.5711422846E+01    0.4916746096E+01
    0.5751503006E+01    0.4877926785E+01
    0.5791583166E+01    0.4826811093E+01
    0.5831663327E+01    0.4763905548E+01
    0.5871743487E+01    0.4689779371E+01
    0.5911823647E+01    0.4605056725E+01
    0.5951903808E+01    0.4510409077E+01
    0.5991983968E+01    0.4406547709E+01
    0.6032064128E+01    0.4294216430E+01
    0.6072144289E+01    0.4174184528E+01
    0.6112224449E+01    0.4047239991E+01
    0.6152304609E+01    0.3914183043E+01
    0.6192384770E+01    0.3775820004E+01
    0.6232464930E+01    0.3632957507E+01
    0.6272545090E+01    0.3486397086E+01
    0.6312625251E+01    0.3336930146E+01
    0.6352705411E+01    0.3185333325E+01
    0.6392785571E+01    0.3032364260E+01
    0.6432865731E+01    0.2878757739E+01
    0.6472945892E+01    0.2725222271E+01
    0.6513026052E+01    0.2572437036E+01
    0.6553106212E+01    0.2421049230E+01
    0.6593186373E+01    0.2271671785E+01
    0.6633266533E+01    0.2124881464E+01
    0.6673346693E+01    0.1981217301E+01
    0.6713426854E+01    0.1841179394E+01
    0.6753507014E+01    0.1705228011E+01
    0.6793587174E+01    0.1573783009E+01
    0.6833667335E+01    0.1447223544E+01
    0.6873747495E+01    0.1325888052E+01
    0.6913827655E+01    0.1210074477E+01
    0.6953907816E+01    0.1100040739E+01
    0.6993987976E+01    0.9960054131E+00
    0.7034068136E+01    0.8981485981E+00
    0.7074148297E+01    0.8066129667E+00
    0.7114228457E+01    0.7215049675E+00
    0.7154308617E+01    0.6428961645E+00
    0.7194388778E+01    0.5708246967E+00
    0.7234468938E+01    0.5052968387E+00
    0.7274549098E+01    0.4462886459E+00
    0.7314629259E+01    0.3937476695E+00
    0.7354709419E+01    0.3475947237E+00
    0.7394789579E+01    0.3077256931E+00
    0.7434869739E+01    0.2740133649E+00
    0.7474949900E+01    0.2463092740E+00
    0.7515030060E+01    0.2244455496E+00
    0.7555110220E+01    0.2082367511E+00
    0.7595190381E+01    0.1974816847E+00
    0.7635270541E+01    0.1919651909E+00
    0.7675350701E+01    0.1914598946E+00
    0.7715430862E+01    0.1957279112E+00
    0.7755511022E+01    0.2045225006E+00
    0.7795591182E+01    0.2175896657E+00
    0.7835671343E+01    0.2346696882E+00
    0.7875751503E+01    0.2554985994E+00
    0.7915831663E+01    0.2798095811E+00
    0.7955911824E+01    0.3073342945E+00
    0.7995991984E+01    0.3378041354E+00
    0.8036072144E+01    0.3709514133E+00
    0.8076152305E+01    0.4065104532E+00
    0.8116232465E+01    0.4442186219E+00
    0.8156312625E+01    0.4838172749E+00
    0.8196392786E+01    0.5250526285E+00
    0.8236472946E+01    0.5676765550E+00
    0.8276553106E+01    0.6114473032E+00
    0.8316633267E+01    0.6561301465E+00
    0.8356713427E+01    0.7014979588E+00
    0.8396793587E+01    0.7473317216E+00
    0.8436873747E+01    0.7934209644E+00
    0.8476953908E+01    0.8395641395E+00
    0.8517034068E+01    0.8855689365E+00
    0.8557114228E+01    0.9312525363E+00
    0.8597194389E+01    0.9764418097E+00
    0.8637274549E+01    0.1020973462E+01
    0.8677354709E+01    0.1064694128E+01
    0.8717434870E+01    0.1107460419E+01
    0.8757515030E+01    0.1149138926E+01
    0.8797595190E+01    0.1189606182E+01
    0.8837675351E+01    0.1228748585E+01
    0.8877755511E+01    0.1266462284E+01
    0.8917835671E+01    0.1302653040E+01
    0.8957915832E+01    0.1337236048E+01
    0.8997995992E+01    0.1370135739E+01
    0.9038076152E+01    0.1401285554E+01
    0.9078156313E+01    0.1430627699E+01
    0.9118236473E+01    0.1458112882E+01
    0.9158316633E+01    0.1483700028E+01
    0.9198396794E+01    0.1507355989E+01
    0.9238476954E+01    0.1529055232E+01
    0.9278557114E+01    0.1548779525E+01
    0.9318637275E+01    0.1566517612E+01
    0.9358717435E+01    0.1582264881E+01
    0.9398797595E+01    0.1596023029E+01
    0.9438877756E+01    0.1607799727E+01
    0.9478957916E+01    0.1617608277E+01
    0.9519038076E+01    0.1625467279E+01
    0.9559118236E+01    0.1631400289E+01
    0.9599198397E+01    0.1635435490E+01
    0.9639278557E+01    0.1637605359E+01
    0.9679358717E+01    0.1637946345E+01
    0.9719438878E+01    0.1636498548E+01
    0.9759519038E+01    0.1633305409E+01
    0.9799599198E+01    0.1628413404E+01
    0.9839679359E+01    0.1621871747E+01
    0.9879759519E+01    0.1613732105E+01
    0.9919839679E+01    0.1604048317E+01
    0.9959919840E+01    0.1592876124E+01
    0.1000000000E+02    0.1580272914E+01
